0 info it worked if it ends with ok
1 verbose cli [ 'D:\\install\\nodejs\\node.exe',
1 verbose cli   'D:\\install\\nodejs\\node_modules\\npm\\bin\\npm-cli.js',
1 verbose cli   'start' ]
2 info using npm@3.3.12
3 info using node@v5.1.0
4 verbose run-script [ 'prestart', 'start', 'poststart' ]
5 info lifecycle heyServer@0.0.0~prestart: heyServer@0.0.0
6 silly lifecycle heyServer@0.0.0~prestart: no script for prestart, continuing
7 info lifecycle heyServer@0.0.0~start: heyServer@0.0.0
8 verbose lifecycle heyServer@0.0.0~start: unsafe-perm in lifecycle true
9 verbose lifecycle heyServer@0.0.0~start: PATH: D:\install\nodejs\node_modules\npm\bin\node-gyp-bin;E:\nodejs\workspace\chessServer\node_modules\.bin;D:\install\stcmd\Sencha\Cmd\4.0.5.87;C:\Program Files (x86)\NVIDIA Corporation\PhysX\Common;C:\Windows\system32;C:\Windows;C:\Windows\System32\Wbem;C:\Windows\System32\WindowsPowerShell\v1.0\;D:\install\svn\bin;D:\install\tomcat\lib;D:\install\tomcat\bin;D:\install\Java\bin;D:\install\Java\jre7\bin;D:\install\Java\jre\bin;D:\install\git\bin;D:\install\nodejs\;D:\install\Ruby193\bin;C:\Users\aven\AppData\Roaming\npm
10 verbose lifecycle heyServer@0.0.0~start: CWD: E:\nodejs\workspace\chessServer
11 silly lifecycle heyServer@0.0.0~start: Args: [ '/d /s /c', 'node app.js' ]
12 silly lifecycle heyServer@0.0.0~start: Returned: code: 1  signal: null
13 info lifecycle heyServer@0.0.0~start: Failed to exec start script
14 verbose stack Error: heyServer@0.0.0 start: `node app.js`
14 verbose stack Exit status 1
14 verbose stack     at EventEmitter.<anonymous> (D:\install\nodejs\node_modules\npm\lib\utils\lifecycle.js:232:16)
14 verbose stack     at emitTwo (events.js:87:13)
14 verbose stack     at EventEmitter.emit (events.js:172:7)
14 verbose stack     at ChildProcess.<anonymous> (D:\install\nodejs\node_modules\npm\lib\utils\spawn.js:24:14)
14 verbose stack     at emitTwo (events.js:87:13)
14 verbose stack     at ChildProcess.emit (events.js:172:7)
14 verbose stack     at maybeClose (internal/child_process.js:818:16)
14 verbose stack     at Process.ChildProcess._handle.onexit (internal/child_process.js:211:5)
15 verbose pkgid heyServer@0.0.0
16 verbose cwd E:\nodejs\workspace\chessServer
17 error Windows_NT 6.3.9600
18 error argv "D:\\install\\nodejs\\node.exe" "D:\\install\\nodejs\\node_modules\\npm\\bin\\npm-cli.js" "start"
19 error node v5.1.0
20 error npm  v3.3.12
21 error code ELIFECYCLE
22 error heyServer@0.0.0 start: `node app.js`
22 error Exit status 1
23 error Failed at the heyServer@0.0.0 start script 'node app.js'.
23 error Make sure you have the latest version of node.js and npm installed.
23 error If you do, this is most likely a problem with the heyServer package,
23 error not with npm itself.
23 error Tell the author that this fails on your system:
23 error     node app.js
23 error You can get their info via:
23 error     npm owner ls heyServer
23 error There is likely additional logging output above.
24 verbose exit [ 1, true ]
